<?xml version="1.0" encoding="UTF-8"?>
<!-- Generated by org.testng.reporters.JUnitReportReporter -->
<testsuite skipped="0" hostname="DESKTOP-EAL6T5O" name="com.Lpage.app.HomePageNavigation" tests="1" failures="0" timestamp="05 Oct 2018 10:39:47 GMT" time="22.507" errors="0">
  <testcase name="HomePageNavigatonTest" time="22.507" classname="com.Lpage.app.HomePageNavigation"/>
</testsuite> <!-- com.Lpage.app.HomePageNavigation -->
